2022-Dec-11 16:47:42 Наличие необходимых модулей php (check_php_modules): Ok
Все необходимые модули установлены
2022-Dec-11 16:47:42 Обязательные параметры PHP (check_php_settings): Fail
Ошибка! Значение max_input_vars должно быть не ниже 10000. Текущее значение: 1000Для гарантированной работы "1С-Битрикс24" необходимо его устанавливать на веб-окружении Битрикс, у вас используется собственное серверное окружение.
2022-Dec-11 16:47:42 Модули веб-сервера (check_security): Ok
Конфликтов не выявлено
2022-Dec-11 16:47:42 Значения переменных сервера (check_server_vars): Ok
Корректные
2022-Dec-11 16:47:43 Сохранение сессии (check_session): Ok
50% done
2022-Dec-11 16:47:43 Сохранение сессии (check_session): Ok
Успешно
2022-Dec-11 16:47:43 Параметры настройки UTF (mbstring и константа BX_UTF) (check_mbstring): Ok
Правильные. Сайт работает в UTF кодировке
2022-Dec-11 16:47:44 Служебные скрипты в корне сайта (check_install_scripts): Ok
Отсутствуют
2022-Dec-11 16:47:44 Работа с сокетами (check_socket): Ok
Connection to 127.0.0.1:80	Success

Успешно
2022-Dec-11 16:47:44 Выполнение агентов на cron (check_bx_crontab): Warning
Замечание. Агенты выполняются на хитах, рекомендуется перевести выполнение агентов на cron
2022-Dec-11 16:47:45 Сервер очередей Push and Pull (check_pull_stream): Fail
Ошибка! Не настроен Push server в настройках модуля Push and Pull.
2022-Dec-11 16:47:45 Живые комментарии в ленте сообщений (check_pull_comments): Fail
Ошибка! Не настроен Push server в модуле Push and Pull, который необходим для отображения комментариев в живой ленте в реальном режиме времени
2022-Dec-11 16:47:46 Видеозвонки (check_turn): Fail
Ошибка! Не настроен Push server в модуле Push and Pull, который необходим для осуществления видеозвонков
2022-Dec-11 16:47:46 Мобильное приложение Битрикс24 (check_access_mobile): Warning
Замечание. Внешнее подключение к порталу не удалось, мобильное приложение работать не будет
2022-Dec-11 16:47:46 Уведомления пользователям на мобильные устройства (push уведомления) (check_push_bitrix): Warning
Замечание. Не включена опция модуля Push and Pull отправки PUSH уведомлений. PUSH уведомления не будут приходить на мобильные устройства.
2022-Dec-11 16:47:47 Работа с документами через Google Docs и MS Office Online (check_access_docs): Warning
Замечание. Функция недоступна из-за невозможности подключиться к порталу снаружи
2022-Dec-11 16:47:47 Битрикс24.Диск. Быстрая работа с файлами (check_fast_download): Fail
Connection to 127.0.0.1:80	Success
== Request ==
GET /bitrix/admin/site_checker.php?test_type=fast_download&unique_id=73ffcc43a69a68da55f93aafb62a1f7c HTTP/1.1
Host: 127.0.0.1


== Response ==
HTTP/1.1 200 OK
Date: Sun, 11 Dec 2022 11:47:47 GMT
Server: Apache/2.4.54 (Win64) OpenSSL/1.1.1q PHP/8.0.23
X-Powered-By: PHP/8.0.23
X-Accel-Redirect: /bitrix/tmp/success.txt
Content-Length: 0
Content-Type: text/html; charset=UTF-8

== Body ==

==========

Ошибка! Эта возможность не поддерживается сервером
2022-Dec-11 16:47:47 Поиск по содержимому документов (check_search): Fail
Ошибка! Индексация по содержимому документов работает некорректно

2022-Dec-11 16:47:50 Отправка почтовых уведомлений (check_mail): Fail
Ошибка! Не работает
2022-Dec-11 16:47:51 Доступ к облачным сервисам 1С-Битрикс (check_ca_file): Ok
Успешно
2022-Dec-11 16:47:52 Интеграция с почтой внутри компании (check_connect_mail): Warning
Замечание. Интеграция с внешними почтовыми сервисами доступна, но ни один пользователь не выполнил настройку
2022-Dec-11 16:47:52 Интеграция с соцсетями (check_socnet): Warning
Замечание. Не настроен ни один социальный сервис в настройках модуля социальных сервисов
2022-Dec-11 16:47:53 Работа с REST API (check_rest): Ok
Успешно
2022-Dec-11 16:47:53 Публикация сообщений в живую ленту из почты (check_mail_push): Warning
Замечание. Не удалось получить MX запись для домена 127.0.0.1
2022-Dec-11 16:47:53 Доступ снаружи к Экстранет (check_extranet): Fail
Ошибка! Экстранет не работает корректно т.к. портал не доступен из Интернета
2022-Dec-11 16:47:54 Редактирование документов в MS Office (check_webdav): Fail
Ошибка! Модуль библиотеки документов не установлен
2022-Dec-11 16:47:58 Интеграция с внешними приложениями (MS Office, Outlook, Exchange) через безопасное подключение к порталу (check_socket_ssl): Warning
Connection to ssl://127.0.0.1:443 (certificate check enabled)	Fail
Connection to ssl://127.0.0.1:443	Fail

Замечание. Не удалось подключиться к https://127.0.0.1
2022-Dec-11 16:47:58 Интеграция с Active Directory (check_ad): Warning
Замечание. Модуль ldap не установлен
2022-Dec-11 16:47:59 Единая авторизация в Windows сети (NTLM) (check_ntlm): Warning
Замечание. Модуль ldap не установлен
2022-Dec-11 16:48:00 Оценка производительности сервера (check_perf): Fail
Connection to 127.0.0.1:80	Success
Connection to 127.0.0.1:80	Success
Connection to 127.0.0.1:80	Success

Ошибка! Недопустимо низкая (2.94 страниц в секунду)
2022-Dec-11 16:48:01 Ускорение открытия страниц (check_compression): Fail
Connection to 127.0.0.1:80	Success

Ошибка! Компрессия не поддерживается сервером, модуль компрессии выключен
